<?xml version="1.0" encoding="UTF-8"?>
<coverage generated="1670343792829" clover="3.2.0">
  <project timestamp="1670343792829" name="All files">
    <metrics statements="74" coveredstatements="70" conditionals="43" coveredconditionals="38" methods="19" coveredmethods="19" elements="136" coveredelements="127" complexity="0" loc="74" ncloc="74" packages="2" files="6" classes="6"/>
    <package name="src">
      <metrics statements="27" coveredstatements="26" conditionals="15" coveredconditionals="13" methods="6" coveredmethods="6"/>
      <file name="index.js" path="/home/vanessadm/frontend-project-46/src/index.js">
        <metrics statements="7" coveredstatements="7" conditionals="1" coveredconditionals="0" methods="3" coveredmethods="3"/>
        <line num="7" count="16" type="stmt"/>
        <line num="8" count="16" type="stmt"/>
        <line num="10" count="1" type="cond" truecount="0" falsecount="1"/>
        <line num="11" count="8" type="stmt"/>
        <line num="12" count="8" type="stmt"/>
        <line num="13" count="8" type="stmt"/>
        <line num="14" count="8" type="stmt"/>
      </file>
      <file name="makeDifferenceTree.js" path="/home/vanessadm/frontend-project-46/src/makeDifferenceTree.js">
        <metrics statements="15" coveredstatements="15" conditionals="10" coveredconditionals="10" methods="2" coveredmethods="2"/>
        <line num="3" count="1" type="stmt"/>
        <line num="4" count="40" type="stmt"/>
        <line num="5" count="40" type="stmt"/>
        <line num="6" count="40" type="stmt"/>
        <line num="8" count="40" type="stmt"/>
        <line num="10" count="144" type="cond" truecount="4" falsecount="0"/>
        <line num="11" count="32" type="stmt"/>
        <line num="18" count="112" type="cond" truecount="2" falsecount="0"/>
        <line num="19" count="40" type="stmt"/>
        <line num="26" count="72" type="cond" truecount="2" falsecount="0"/>
        <line num="27" count="16" type="stmt"/>
        <line num="34" count="56" type="cond" truecount="2" falsecount="0"/>
        <line num="35" count="32" type="stmt"/>
        <line num="43" count="24" type="stmt"/>
        <line num="49" count="40" type="stmt"/>
      </file>
      <file name="parsers.js" path="/home/vanessadm/frontend-project-46/src/parsers.js">
        <metrics statements="5" coveredstatements="4" conditionals="4" coveredconditionals="3" methods="1" coveredmethods="1"/>
        <line num="3" count="1" type="stmt"/>
        <line num="4" count="16" type="cond" truecount="3" falsecount="1"/>
        <line num="6" count="8" type="stmt"/>
        <line num="9" count="8" type="stmt"/>
        <line num="11" count="0" type="stmt"/>
      </file>
    </package>
    <package name="src.formatters">
      <metrics statements="47" coveredstatements="44" conditionals="28" coveredconditionals="25" methods="13" coveredmethods="13"/>
      <file name="index.js" path="/home/vanessadm/frontend-project-46/src/formatters/index.js">
        <metrics statements="6" coveredstatements="5" conditionals="4" coveredconditionals="3" methods="1" coveredmethods="1"/>
        <line num="4" count="1" type="stmt"/>
        <line num="5" count="8" type="cond" truecount="3" falsecount="1"/>
        <line num="7" count="4" type="stmt"/>
        <line num="10" count="2" type="stmt"/>
        <line num="13" count="2" type="stmt"/>
        <line num="16" count="0" type="stmt"/>
      </file>
      <file name="plane.js" path="/home/vanessadm/frontend-project-46/src/formatters/plane.js">
        <metrics statements="20" coveredstatements="19" conditionals="14" coveredconditionals="13" methods="5" coveredmethods="5"/>
        <line num="1" count="1" type="stmt"/>
        <line num="2" count="26" type="cond" truecount="4" falsecount="0"/>
        <line num="3" count="6" type="stmt"/>
        <line num="5" count="20" type="cond" truecount="2" falsecount="0"/>
        <line num="6" count="14" type="stmt"/>
        <line num="8" count="6" type="stmt"/>
        <line num="11" count="1" type="stmt"/>
        <line num="12" count="2" type="stmt"/>
        <line num="13" count="10" type="stmt"/>
        <line num="14" count="36" type="cond" truecount="2" falsecount="0"/>
        <line num="15" count="36" type="cond" truecount="5" falsecount="1"/>
        <line num="17" count="10" type="stmt"/>
        <line num="19" count="4" type="stmt"/>
        <line num="21" count="6" type="stmt"/>
        <line num="23" count="8" type="stmt"/>
        <line num="25" count="8" type="stmt"/>
        <line num="28" count="0" type="stmt"/>
        <line num="31" count="10" type="stmt"/>
        <line num="32" count="36" type="stmt"/>
        <line num="36" count="2" type="stmt"/>
      </file>
      <file name="stylish.js" path="/home/vanessadm/frontend-project-46/src/formatters/stylish.js">
        <metrics statements="21" coveredstatements="20" conditionals="10" coveredconditionals="9" methods="7" coveredmethods="7"/>
        <line num="1" count="1" type="stmt"/>
        <line num="2" count="124" type="stmt"/>
        <line num="3" count="48" type="stmt"/>
        <line num="5" count="1" type="stmt"/>
        <line num="6" count="108" type="cond" truecount="4" falsecount="0"/>
        <line num="7" count="80" type="stmt"/>
        <line num="9" count="28" type="stmt"/>
        <line num="10" count="36" type="stmt"/>
        <line num="11" count="28" type="stmt"/>
        <line num="18" count="1" type="stmt"/>
        <line num="19" count="4" type="stmt"/>
        <line num="20" count="20" type="stmt"/>
        <line num="21" count="72" type="cond" truecount="5" falsecount="1"/>
        <line num="23" count="20" type="stmt"/>
        <line num="25" count="8" type="stmt"/>
        <line num="27" count="12" type="stmt"/>
        <line num="29" count="16" type="stmt"/>
        <line num="34" count="16" type="stmt"/>
        <line num="36" count="0" type="stmt"/>
        <line num="39" count="20" type="stmt"/>
        <line num="46" count="4" type="stmt"/>
      </file>
    </package>
  </project>
</coverage>
