<?xml version="1.0" encoding="UTF-8"?>
<coverage generated="1669818650237" clover="3.2.0">
  <project timestamp="1669818650237" name="All files">
    <metrics statements="77" coveredstatements="73" conditionals="47" coveredconditionals="41" methods="20" coveredmethods="20" elements="144" coveredelements="134" complexity="0" loc="77" ncloc="77" packages="2" files="7" classes="7"/>
    <package name="src">
      <metrics statements="27" coveredstatements="26" conditionals="17" coveredconditionals="14" methods="6" coveredmethods="6"/>
      <file name="index.js" path="/home/vanessadm/frontend-project-46/src/index.js">
        <metrics statements="7" coveredstatements="7" conditionals="3" coveredconditionals="1" methods="3" coveredmethods="3"/>
        <line num="7" count="8" type="stmt"/>
        <line num="9" count="8" type="cond" truecount="1" falsecount="1"/>
        <line num="11" count="1" type="cond" truecount="0" falsecount="1"/>
        <line num="12" count="4" type="stmt"/>
        <line num="13" count="4" type="stmt"/>
        <line num="14" count="4" type="stmt"/>
        <line num="15" count="4" type="stmt"/>
      </file>
      <file name="makeAST.js" path="/home/vanessadm/frontend-project-46/src/makeAST.js">
        <metrics statements="15" coveredstatements="15" conditionals="10" coveredconditionals="10" methods="2" coveredmethods="2"/>
        <line num="3" count="1" type="stmt"/>
        <line num="4" count="20" type="stmt"/>
        <line num="5" count="20" type="stmt"/>
        <line num="7" count="20" type="stmt"/>
        <line num="9" count="20" type="stmt"/>
        <line num="11" count="72" type="cond" truecount="4" falsecount="0"/>
        <line num="12" count="16" type="stmt"/>
        <line num="19" count="56" type="cond" truecount="2" falsecount="0"/>
        <line num="20" count="20" type="stmt"/>
        <line num="27" count="36" type="cond" truecount="2" falsecount="0"/>
        <line num="28" count="8" type="stmt"/>
        <line num="35" count="28" type="cond" truecount="2" falsecount="0"/>
        <line num="36" count="16" type="stmt"/>
        <line num="44" count="12" type="stmt"/>
        <line num="50" count="20" type="stmt"/>
      </file>
      <file name="parsers.js" path="/home/vanessadm/frontend-project-46/src/parsers.js">
        <metrics statements="5" coveredstatements="4" conditionals="4" coveredconditionals="3" methods="1" coveredmethods="1"/>
        <line num="3" count="1" type="stmt"/>
        <line num="4" count="8" type="cond" truecount="3" falsecount="1"/>
        <line num="6" count="4" type="stmt"/>
        <line num="9" count="4" type="stmt"/>
        <line num="11" count="0" type="stmt"/>
      </file>
    </package>
    <package name="src.formatters">
      <metrics statements="50" coveredstatements="47" conditionals="30" coveredconditionals="27" methods="14" coveredmethods="14"/>
      <file name="index.js" path="/home/vanessadm/frontend-project-46/src/formatters/index.js">
        <metrics statements="8" coveredstatements="7" conditionals="6" coveredconditionals="5" methods="1" coveredmethods="1"/>
        <line num="5" count="1" type="stmt"/>
        <line num="6" count="4" type="cond" truecount="2" falsecount="0"/>
        <line num="8" count="2" type="stmt"/>
        <line num="10" count="2" type="cond" truecount="2" falsecount="0"/>
        <line num="11" count="1" type="stmt"/>
        <line num="13" count="1" type="cond" truecount="1" falsecount="1"/>
        <line num="14" count="1" type="stmt"/>
        <line num="16" count="0" type="stmt"/>
      </file>
      <file name="json.js" path="/home/vanessadm/frontend-project-46/src/formatters/json.js">
        <metrics statements="1" coveredstatements="1" conditionals="0" coveredconditionals="0" methods="1" coveredmethods="1"/>
        <line num="1" count="1" type="stmt"/>
      </file>
      <file name="plane.js" path="/home/vanessadm/frontend-project-46/src/formatters/plane.js">
        <metrics statements="20" coveredstatements="19" conditionals="14" coveredconditionals="13" methods="5" coveredmethods="5"/>
        <line num="1" count="1" type="stmt"/>
        <line num="2" count="13" type="cond" truecount="4" falsecount="0"/>
        <line num="3" count="3" type="stmt"/>
        <line num="5" count="10" type="cond" truecount="2" falsecount="0"/>
        <line num="6" count="7" type="stmt"/>
        <line num="8" count="3" type="stmt"/>
        <line num="11" count="1" type="stmt"/>
        <line num="13" count="1" type="stmt"/>
        <line num="16" count="5" type="stmt"/>
        <line num="19" count="18" type="cond" truecount="2" falsecount="0"/>
        <line num="20" count="18" type="cond" truecount="5" falsecount="1"/>
        <line num="22" count="5" type="stmt"/>
        <line num="24" count="2" type="stmt"/>
        <line num="26" count="3" type="stmt"/>
        <line num="28" count="4" type="stmt"/>
        <line num="33" count="4" type="stmt"/>
        <line num="36" count="0" type="stmt"/>
        <line num="39" count="5" type="stmt"/>
        <line num="40" count="18" type="stmt"/>
        <line num="44" count="1" type="stmt"/>
      </file>
      <file name="stylish.js" path="/home/vanessadm/frontend-project-46/src/formatters/stylish.js">
        <metrics statements="21" coveredstatements="20" conditionals="10" coveredconditionals="9" methods="7" coveredmethods="7"/>
        <line num="1" count="1" type="stmt"/>
        <line num="2" count="62" type="stmt"/>
        <line num="3" count="24" type="stmt"/>
        <line num="5" count="1" type="stmt"/>
        <line num="6" count="54" type="cond" truecount="4" falsecount="0"/>
        <line num="7" count="40" type="stmt"/>
        <line num="9" count="14" type="stmt"/>
        <line num="10" count="18" type="stmt"/>
        <line num="11" count="14" type="stmt"/>
        <line num="18" count="1" type="stmt"/>
        <line num="19" count="2" type="stmt"/>
        <line num="22" count="10" type="stmt"/>
        <line num="23" count="36" type="cond" truecount="5" falsecount="1"/>
        <line num="25" count="10" type="stmt"/>
        <line num="27" count="4" type="stmt"/>
        <line num="29" count="6" type="stmt"/>
        <line num="31" count="8" type="stmt"/>
        <line num="36" count="8" type="stmt"/>
        <line num="38" count="0" type="stmt"/>
        <line num="41" count="10" type="stmt"/>
        <line num="48" count="2" type="stmt"/>
      </file>
    </package>
  </project>
</coverage>
