{"/home/vanessadm/frontend-project-46/src/index.js": {"path":"/home/vanessadm/frontend-project-46/src/index.js","statementMap":{"0":{"start":{"line":7,"column":17},"end":{"line":7,"column":94}},"1":{"start":{"line":7,"column":31},"end":{"line":7,"column":94}},"2":{"start":{"line":8,"column":21},"end":{"line":8,"column":71}},"3":{"start":{"line":8,"column":35},"end":{"line":8,"column":71}},"4":{"start":{"line":10,"column":16},"end":{"line":15,"column":1}},"5":{"start":{"line":11,"column":16},"end":{"line":11,"column":63}},"6":{"start":{"line":12,"column":16},"end":{"line":12,"column":63}},"7":{"start":{"line":13,"column":14},"end":{"line":13,"column":46}},"8":{"start":{"line":14,"column":2},"end":{"line":14,"column":33}}},"fnMap":{"0":{"name":"(anonymous_0)","decl":{"start":{"line":7,"column":17},"end":{"line":7,"column":18}},"loc":{"start":{"line":7,"column":31},"end":{"line":7,"column":94}},"line":7},"1":{"name":"(anonymous_1)","decl":{"start":{"line":8,"column":21},"end":{"line":8,"column":22}},"loc":{"start":{"line":8,"column":35},"end":{"line":8,"column":71}},"line":8},"2":{"name":"(anonymous_2)","decl":{"start":{"line":10,"column":16},"end":{"line":10,"column":17}},"loc":{"start":{"line":10,"column":54},"end":{"line":15,"column":1}},"line":10}},"branchMap":{"0":{"loc":{"start":{"line":10,"column":31},"end":{"line":10,"column":49}},"type":"default-arg","locations":[{"start":{"line":10,"column":40},"end":{"line":10,"column":49}}],"line":10}},"s":{"0":1,"1":16,"2":1,"3":16,"4":1,"5":8,"6":8,"7":8,"8":8},"f":{"0":16,"1":16,"2":8},"b":{"0":[0]},"_coverageSchema":"1a1c01bbd47fc00a2c39e90264f33305004495a9","hash":"ea1db3816c5e6bc16cf70d6bb57af05950fc98c9"}
,"/home/vanessadm/frontend-project-46/src/makeDifferenceTree.js": {"path":"/home/vanessadm/frontend-project-46/src/makeDifferenceTree.js","statementMap":{"0":{"start":{"line":3,"column":27},"end":{"line":50,"column":1}},"1":{"start":{"line":4,"column":16},"end":{"line":4,"column":34}},"2":{"start":{"line":5,"column":16},"end":{"line":5,"column":34}},"3":{"start":{"line":6,"column":21},"end":{"line":6,"column":52}},"4":{"start":{"line":8,"column":17},"end":{"line":48,"column":4}},"5":{"start":{"line":10,"column":4},"end":{"line":16,"column":5}},"6":{"start":{"line":11,"column":6},"end":{"line":15,"column":8}},"7":{"start":{"line":18,"column":4},"end":{"line":24,"column":5}},"8":{"start":{"line":19,"column":6},"end":{"line":23,"column":8}},"9":{"start":{"line":26,"column":4},"end":{"line":32,"column":5}},"10":{"start":{"line":27,"column":6},"end":{"line":31,"column":8}},"11":{"start":{"line":34,"column":4},"end":{"line":41,"column":5}},"12":{"start":{"line":35,"column":6},"end":{"line":40,"column":8}},"13":{"start":{"line":43,"column":4},"end":{"line":47,"column":6}},"14":{"start":{"line":49,"column":2},"end":{"line":49,"column":16}}},"fnMap":{"0":{"name":"(anonymous_0)","decl":{"start":{"line":3,"column":27},"end":{"line":3,"column":28}},"loc":{"start":{"line":3,"column":45},"end":{"line":50,"column":1}},"line":3},"1":{"name":"(anonymous_1)","decl":{"start":{"line":8,"column":32},"end":{"line":8,"column":33}},"loc":{"start":{"line":8,"column":41},"end":{"line":48,"column":3}},"line":8}},"branchMap":{"0":{"loc":{"start":{"line":10,"column":4},"end":{"line":16,"column":5}},"type":"if","locations":[{"start":{"line":10,"column":4},"end":{"line":16,"column":5}},{"start":{},"end":{}}],"line":10},"1":{"loc":{"start":{"line":10,"column":8},"end":{"line":10,"column":66}},"type":"binary-expr","locations":[{"start":{"line":10,"column":8},"end":{"line":10,"column":35}},{"start":{"line":10,"column":39},"end":{"line":10,"column":66}}],"line":10},"2":{"loc":{"start":{"line":18,"column":4},"end":{"line":24,"column":5}},"type":"if","locations":[{"start":{"line":18,"column":4},"end":{"line":24,"column":5}},{"start":{},"end":{}}],"line":18},"3":{"loc":{"start":{"line":26,"column":4},"end":{"line":32,"column":5}},"type":"if","locations":[{"start":{"line":26,"column":4},"end":{"line":32,"column":5}},{"start":{},"end":{}}],"line":26},"4":{"loc":{"start":{"line":34,"column":4},"end":{"line":41,"column":5}},"type":"if","locations":[{"start":{"line":34,"column":4},"end":{"line":41,"column":5}},{"start":{},"end":{}}],"line":34}},"s":{"0":1,"1":40,"2":40,"3":40,"4":40,"5":144,"6":32,"7":112,"8":40,"9":72,"10":16,"11":56,"12":32,"13":24,"14":40},"f":{"0":40,"1":144},"b":{"0":[32,112],"1":[144,48],"2":[40,72],"3":[16,56],"4":[32,24]},"_coverageSchema":"1a1c01bbd47fc00a2c39e90264f33305004495a9","hash":"f75f23e5ebc3c59633d3e4532476964b8209a212"}
,"/home/vanessadm/frontend-project-46/src/parsers.js": {"path":"/home/vanessadm/frontend-project-46/src/parsers.js","statementMap":{"0":{"start":{"line":3,"column":18},"end":{"line":13,"column":1}},"1":{"start":{"line":4,"column":2},"end":{"line":12,"column":3}},"2":{"start":{"line":6,"column":6},"end":{"line":6,"column":33}},"3":{"start":{"line":9,"column":6},"end":{"line":9,"column":32}},"4":{"start":{"line":11,"column":6},"end":{"line":11,"column":50}}},"fnMap":{"0":{"name":"(anonymous_0)","decl":{"start":{"line":3,"column":18},"end":{"line":3,"column":19}},"loc":{"start":{"line":3,"column":39},"end":{"line":13,"column":1}},"line":3}},"branchMap":{"0":{"loc":{"start":{"line":4,"column":2},"end":{"line":12,"column":3}},"type":"switch","locations":[{"start":{"line":5,"column":4},"end":{"line":6,"column":33}},{"start":{"line":7,"column":4},"end":{"line":7,"column":15}},{"start":{"line":8,"column":4},"end":{"line":9,"column":32}},{"start":{"line":10,"column":4},"end":{"line":11,"column":50}}],"line":4}},"s":{"0":1,"1":16,"2":8,"3":8,"4":0},"f":{"0":16},"b":{"0":[8,8,8,0]},"_coverageSchema":"1a1c01bbd47fc00a2c39e90264f33305004495a9","hash":"2fa050dc608b872fc5f8e536d3f051c4974a7a7d"}
,"/home/vanessadm/frontend-project-46/src/formatters/index.js": {"path":"/home/vanessadm/frontend-project-46/src/formatters/index.js","statementMap":{"0":{"start":{"line":4,"column":19},"end":{"line":18,"column":1}},"1":{"start":{"line":5,"column":2},"end":{"line":17,"column":3}},"2":{"start":{"line":7,"column":6},"end":{"line":7,"column":32}},"3":{"start":{"line":10,"column":6},"end":{"line":10,"column":30}},"4":{"start":{"line":13,"column":6},"end":{"line":13,"column":33}},"5":{"start":{"line":16,"column":6},"end":{"line":16,"column":57}}},"fnMap":{"0":{"name":"(anonymous_0)","decl":{"start":{"line":4,"column":19},"end":{"line":4,"column":20}},"loc":{"start":{"line":4,"column":36},"end":{"line":18,"column":1}},"line":4}},"branchMap":{"0":{"loc":{"start":{"line":5,"column":2},"end":{"line":17,"column":3}},"type":"switch","locations":[{"start":{"line":6,"column":4},"end":{"line":8,"column":5}},{"start":{"line":9,"column":4},"end":{"line":11,"column":5}},{"start":{"line":12,"column":4},"end":{"line":14,"column":5}},{"start":{"line":15,"column":4},"end":{"line":16,"column":57}}],"line":5}},"s":{"0":1,"1":8,"2":4,"3":2,"4":2,"5":0},"f":{"0":8},"b":{"0":[4,2,2,0]},"_coverageSchema":"1a1c01bbd47fc00a2c39e90264f33305004495a9","hash":"0631fbe0c2a3785433520ef8ade057b01b64605c"}
,"/home/vanessadm/frontend-project-46/src/formatters/plane.js": {"path":"/home/vanessadm/frontend-project-46/src/formatters/plane.js","statementMap":{"0":{"start":{"line":1,"column":18},"end":{"line":9,"column":1}},"1":{"start":{"line":2,"column":2},"end":{"line":4,"column":3}},"2":{"start":{"line":3,"column":4},"end":{"line":3,"column":29}},"3":{"start":{"line":5,"column":2},"end":{"line":7,"column":3}},"4":{"start":{"line":6,"column":4},"end":{"line":6,"column":24}},"5":{"start":{"line":8,"column":2},"end":{"line":8,"column":15}},"6":{"start":{"line":11,"column":20},"end":{"line":37,"column":1}},"7":{"start":{"line":12,"column":15},"end":{"line":34,"column":3}},"8":{"start":{"line":13,"column":18},"end":{"line":30,"column":6}},"9":{"start":{"line":14,"column":26},"end":{"line":14,"column":84}},"10":{"start":{"line":15,"column":6},"end":{"line":29,"column":7}},"11":{"start":{"line":17,"column":10},"end":{"line":17,"column":92}},"12":{"start":{"line":19,"column":10},"end":{"line":19,"column":57}},"13":{"start":{"line":21,"column":10},"end":{"line":21,"column":22}},"14":{"start":{"line":23,"column":10},"end":{"line":23,"column":118}},"15":{"start":{"line":25,"column":10},"end":{"line":25,"column":50}},"16":{"start":{"line":28,"column":10},"end":{"line":28,"column":67}},"17":{"start":{"line":31,"column":4},"end":{"line":33,"column":18}},"18":{"start":{"line":32,"column":22},"end":{"line":32,"column":33}},"19":{"start":{"line":36,"column":2},"end":{"line":36,"column":24}}},"fnMap":{"0":{"name":"(anonymous_0)","decl":{"start":{"line":1,"column":18},"end":{"line":1,"column":19}},"loc":{"start":{"line":1,"column":29},"end":{"line":9,"column":1}},"line":1},"1":{"name":"(anonymous_1)","decl":{"start":{"line":11,"column":20},"end":{"line":11,"column":21}},"loc":{"start":{"line":11,"column":30},"end":{"line":37,"column":1}},"line":11},"2":{"name":"(anonymous_2)","decl":{"start":{"line":12,"column":15},"end":{"line":12,"column":16}},"loc":{"start":{"line":12,"column":35},"end":{"line":34,"column":3}},"line":12},"3":{"name":"(anonymous_3)","decl":{"start":{"line":13,"column":27},"end":{"line":13,"column":28}},"loc":{"start":{"line":13,"column":37},"end":{"line":30,"column":5}},"line":13},"4":{"name":"(anonymous_4)","decl":{"start":{"line":32,"column":14},"end":{"line":32,"column":15}},"loc":{"start":{"line":32,"column":22},"end":{"line":32,"column":33}},"line":32}},"branchMap":{"0":{"loc":{"start":{"line":2,"column":2},"end":{"line":4,"column":3}},"type":"if","locations":[{"start":{"line":2,"column":2},"end":{"line":4,"column":3}},{"start":{},"end":{}}],"line":2},"1":{"loc":{"start":{"line":2,"column":6},"end":{"line":2,"column":49}},"type":"binary-expr","locations":[{"start":{"line":2,"column":6},"end":{"line":2,"column":31}},{"start":{"line":2,"column":35},"end":{"line":2,"column":49}}],"line":2},"2":{"loc":{"start":{"line":5,"column":2},"end":{"line":7,"column":3}},"type":"if","locations":[{"start":{"line":5,"column":2},"end":{"line":7,"column":3}},{"start":{},"end":{}}],"line":5},"3":{"loc":{"start":{"line":14,"column":26},"end":{"line":14,"column":84}},"type":"cond-expr","locations":[{"start":{"line":14,"column":48},"end":{"line":14,"column":73}},{"start":{"line":14,"column":76},"end":{"line":14,"column":84}}],"line":14},"4":{"loc":{"start":{"line":15,"column":6},"end":{"line":29,"column":7}},"type":"switch","locations":[{"start":{"line":16,"column":8},"end":{"line":17,"column":92}},{"start":{"line":18,"column":8},"end":{"line":19,"column":57}},{"start":{"line":20,"column":8},"end":{"line":21,"column":22}},{"start":{"line":22,"column":8},"end":{"line":23,"column":118}},{"start":{"line":24,"column":8},"end":{"line":26,"column":9}},{"start":{"line":27,"column":8},"end":{"line":28,"column":67}}],"line":15}},"s":{"0":1,"1":26,"2":6,"3":20,"4":14,"5":6,"6":1,"7":2,"8":10,"9":36,"10":36,"11":10,"12":4,"13":6,"14":8,"15":8,"16":0,"17":10,"18":36,"19":2},"f":{"0":26,"1":2,"2":10,"3":36,"4":36},"b":{"0":[6,20],"1":[26,8],"2":[14,6],"3":[28,8],"4":[10,4,6,8,8,0]},"_coverageSchema":"1a1c01bbd47fc00a2c39e90264f33305004495a9","hash":"4692291717a90a48af844b877d4856e1247c82bf"}
,"/home/vanessadm/frontend-project-46/src/formatters/stylish.js": {"path":"/home/vanessadm/frontend-project-46/src/formatters/stylish.js","statementMap":{"0":{"start":{"line":1,"column":17},"end":{"line":1,"column":20}},"1":{"start":{"line":2,"column":20},"end":{"line":2,"column":61}},"2":{"start":{"line":2,"column":31},"end":{"line":2,"column":61}},"3":{"start":{"line":3,"column":22},"end":{"line":3,"column":59}},"4":{"start":{"line":3,"column":33},"end":{"line":3,"column":59}},"5":{"start":{"line":5,"column":18},"end":{"line":16,"column":1}},"6":{"start":{"line":6,"column":2},"end":{"line":8,"column":3}},"7":{"start":{"line":7,"column":4},"end":{"line":7,"column":17}},"8":{"start":{"line":9,"column":16},"end":{"line":10,"column":87}},"9":{"start":{"line":10,"column":18},"end":{"line":10,"column":86}},"10":{"start":{"line":11,"column":2},"end":{"line":15,"column":15}},"11":{"start":{"line":18,"column":22},"end":{"line":47,"column":1}},"12":{"start":{"line":19,"column":15},"end":{"line":44,"column":3}},"13":{"start":{"line":20,"column":18},"end":{"line":38,"column":6}},"14":{"start":{"line":21,"column":6},"end":{"line":37,"column":7}},"15":{"start":{"line":23,"column":10},"end":{"line":23,"column":91}},"16":{"start":{"line":25,"column":10},"end":{"line":25,"column":91}},"17":{"start":{"line":27,"column":10},"end":{"line":27,"column":91}},"18":{"start":{"line":29,"column":10},"end":{"line":32,"column":23}},"19":{"start":{"line":34,"column":10},"end":{"line":34,"column":89}},"20":{"start":{"line":36,"column":10},"end":{"line":36,"column":67}},"21":{"start":{"line":39,"column":4},"end":{"line":43,"column":17}},"22":{"start":{"line":46,"column":2},"end":{"line":46,"column":23}}},"fnMap":{"0":{"name":"(anonymous_0)","decl":{"start":{"line":2,"column":20},"end":{"line":2,"column":21}},"loc":{"start":{"line":2,"column":31},"end":{"line":2,"column":61}},"line":2},"1":{"name":"(anonymous_1)","decl":{"start":{"line":3,"column":22},"end":{"line":3,"column":23}},"loc":{"start":{"line":3,"column":33},"end":{"line":3,"column":59}},"line":3},"2":{"name":"(anonymous_2)","decl":{"start":{"line":5,"column":18},"end":{"line":5,"column":19}},"loc":{"start":{"line":5,"column":36},"end":{"line":16,"column":1}},"line":5},"3":{"name":"(anonymous_3)","decl":{"start":{"line":10,"column":9},"end":{"line":10,"column":10}},"loc":{"start":{"line":10,"column":18},"end":{"line":10,"column":86}},"line":10},"4":{"name":"(anonymous_4)","decl":{"start":{"line":18,"column":22},"end":{"line":18,"column":23}},"loc":{"start":{"line":18,"column":32},"end":{"line":47,"column":1}},"line":18},"5":{"name":"(anonymous_5)","decl":{"start":{"line":19,"column":15},"end":{"line":19,"column":16}},"loc":{"start":{"line":19,"column":32},"end":{"line":44,"column":3}},"line":19},"6":{"name":"(anonymous_6)","decl":{"start":{"line":20,"column":27},"end":{"line":20,"column":28}},"loc":{"start":{"line":20,"column":37},"end":{"line":38,"column":5}},"line":20}},"branchMap":{"0":{"loc":{"start":{"line":6,"column":2},"end":{"line":8,"column":3}},"type":"if","locations":[{"start":{"line":6,"column":2},"end":{"line":8,"column":3}},{"start":{},"end":{}}],"line":6},"1":{"loc":{"start":{"line":6,"column":6},"end":{"line":6,"column":49}},"type":"binary-expr","locations":[{"start":{"line":6,"column":6},"end":{"line":6,"column":31}},{"start":{"line":6,"column":35},"end":{"line":6,"column":49}}],"line":6},"2":{"loc":{"start":{"line":21,"column":6},"end":{"line":37,"column":7}},"type":"switch","locations":[{"start":{"line":22,"column":8},"end":{"line":23,"column":91}},{"start":{"line":24,"column":8},"end":{"line":25,"column":91}},{"start":{"line":26,"column":8},"end":{"line":27,"column":91}},{"start":{"line":28,"column":8},"end":{"line":32,"column":23}},{"start":{"line":33,"column":8},"end":{"line":34,"column":89}},{"start":{"line":35,"column":8},"end":{"line":36,"column":67}}],"line":21}},"s":{"0":1,"1":1,"2":124,"3":1,"4":48,"5":1,"6":108,"7":80,"8":28,"9":36,"10":28,"11":1,"12":4,"13":20,"14":72,"15":20,"16":8,"17":12,"18":16,"19":16,"20":0,"21":20,"22":4},"f":{"0":124,"1":48,"2":108,"3":36,"4":4,"5":20,"6":72},"b":{"0":[80,28],"1":[108,32],"2":[20,8,12,16,16,0]},"_coverageSchema":"1a1c01bbd47fc00a2c39e90264f33305004495a9","hash":"48085bd1bfa1a630782ac5e1a2e0fb65435358a1"}
}
