{"/home/vanessadm/frontend-project-46/src/index.js": {"path":"/home/vanessadm/frontend-project-46/src/index.js","statementMap":{"0":{"start":{"line":7,"column":17},"end":{"line":7,"column":94}},"1":{"start":{"line":7,"column":31},"end":{"line":7,"column":94}},"2":{"start":{"line":9,"column":19},"end":{"line":9,"column":111}},"3":{"start":{"line":9,"column":33},"end":{"line":9,"column":111}},"4":{"start":{"line":11,"column":16},"end":{"line":16,"column":1}},"5":{"start":{"line":12,"column":18},"end":{"line":12,"column":67}},"6":{"start":{"line":13,"column":18},"end":{"line":13,"column":67}},"7":{"start":{"line":14,"column":14},"end":{"line":14,"column":39}},"8":{"start":{"line":15,"column":2},"end":{"line":15,"column":36}}},"fnMap":{"0":{"name":"(anonymous_0)","decl":{"start":{"line":7,"column":17},"end":{"line":7,"column":18}},"loc":{"start":{"line":7,"column":31},"end":{"line":7,"column":94}},"line":7},"1":{"name":"(anonymous_1)","decl":{"start":{"line":9,"column":19},"end":{"line":9,"column":20}},"loc":{"start":{"line":9,"column":33},"end":{"line":9,"column":111}},"line":9},"2":{"name":"(anonymous_2)","decl":{"start":{"line":11,"column":16},"end":{"line":11,"column":17}},"loc":{"start":{"line":11,"column":61},"end":{"line":16,"column":1}},"line":11}},"branchMap":{"0":{"loc":{"start":{"line":9,"column":33},"end":{"line":9,"column":111}},"type":"binary-expr","locations":[{"start":{"line":9,"column":33},"end":{"line":9,"column":99}},{"start":{"line":9,"column":103},"end":{"line":9,"column":111}}],"line":9},"1":{"loc":{"start":{"line":11,"column":35},"end":{"line":11,"column":56}},"type":"default-arg","locations":[{"start":{"line":11,"column":47},"end":{"line":11,"column":56}}],"line":11}},"s":{"0":1,"1":8,"2":1,"3":8,"4":1,"5":4,"6":4,"7":4,"8":4},"f":{"0":8,"1":8,"2":4},"b":{"0":[8,0],"1":[0]},"_coverageSchema":"1a1c01bbd47fc00a2c39e90264f33305004495a9","hash":"4fb5d9eadd2a790e6acc745aea777750e71a26f6"}
,"/home/vanessadm/frontend-project-46/src/makeAST.js": {"path":"/home/vanessadm/frontend-project-46/src/makeAST.js","statementMap":{"0":{"start":{"line":3,"column":16},"end":{"line":51,"column":1}},"1":{"start":{"line":4,"column":18},"end":{"line":4,"column":38}},"2":{"start":{"line":5,"column":18},"end":{"line":5,"column":38}},"3":{"start":{"line":7,"column":21},"end":{"line":7,"column":56}},"4":{"start":{"line":9,"column":17},"end":{"line":49,"column":4}},"5":{"start":{"line":11,"column":4},"end":{"line":17,"column":5}},"6":{"start":{"line":12,"column":6},"end":{"line":16,"column":8}},"7":{"start":{"line":19,"column":4},"end":{"line":25,"column":5}},"8":{"start":{"line":20,"column":6},"end":{"line":24,"column":8}},"9":{"start":{"line":27,"column":4},"end":{"line":33,"column":5}},"10":{"start":{"line":28,"column":6},"end":{"line":32,"column":8}},"11":{"start":{"line":35,"column":4},"end":{"line":42,"column":5}},"12":{"start":{"line":36,"column":6},"end":{"line":41,"column":8}},"13":{"start":{"line":44,"column":4},"end":{"line":48,"column":6}},"14":{"start":{"line":50,"column":2},"end":{"line":50,"column":16}}},"fnMap":{"0":{"name":"(anonymous_0)","decl":{"start":{"line":3,"column":16},"end":{"line":3,"column":17}},"loc":{"start":{"line":3,"column":38},"end":{"line":51,"column":1}},"line":3},"1":{"name":"(anonymous_1)","decl":{"start":{"line":9,"column":32},"end":{"line":9,"column":33}},"loc":{"start":{"line":9,"column":41},"end":{"line":49,"column":3}},"line":9}},"branchMap":{"0":{"loc":{"start":{"line":11,"column":4},"end":{"line":17,"column":5}},"type":"if","locations":[{"start":{"line":11,"column":4},"end":{"line":17,"column":5}},{"start":{},"end":{}}],"line":11},"1":{"loc":{"start":{"line":11,"column":8},"end":{"line":11,"column":76}},"type":"binary-expr","locations":[{"start":{"line":11,"column":8},"end":{"line":11,"column":40}},{"start":{"line":11,"column":44},"end":{"line":11,"column":76}}],"line":11},"2":{"loc":{"start":{"line":19,"column":4},"end":{"line":25,"column":5}},"type":"if","locations":[{"start":{"line":19,"column":4},"end":{"line":25,"column":5}},{"start":{},"end":{}}],"line":19},"3":{"loc":{"start":{"line":27,"column":4},"end":{"line":33,"column":5}},"type":"if","locations":[{"start":{"line":27,"column":4},"end":{"line":33,"column":5}},{"start":{},"end":{}}],"line":27},"4":{"loc":{"start":{"line":35,"column":4},"end":{"line":42,"column":5}},"type":"if","locations":[{"start":{"line":35,"column":4},"end":{"line":42,"column":5}},{"start":{},"end":{}}],"line":35}},"s":{"0":1,"1":20,"2":20,"3":20,"4":20,"5":72,"6":16,"7":56,"8":20,"9":36,"10":8,"11":28,"12":16,"13":12,"14":20},"f":{"0":20,"1":72},"b":{"0":[16,56],"1":[72,24],"2":[20,36],"3":[8,28],"4":[16,12]},"_coverageSchema":"1a1c01bbd47fc00a2c39e90264f33305004495a9","hash":"ef2658abe8ab86ad7c8c02a58399fe0dea1bbac9"}
,"/home/vanessadm/frontend-project-46/src/parsers.js": {"path":"/home/vanessadm/frontend-project-46/src/parsers.js","statementMap":{"0":{"start":{"line":3,"column":18},"end":{"line":13,"column":1}},"1":{"start":{"line":4,"column":2},"end":{"line":12,"column":3}},"2":{"start":{"line":6,"column":6},"end":{"line":6,"column":33}},"3":{"start":{"line":9,"column":6},"end":{"line":9,"column":32}},"4":{"start":{"line":11,"column":6},"end":{"line":11,"column":50}}},"fnMap":{"0":{"name":"(anonymous_0)","decl":{"start":{"line":3,"column":18},"end":{"line":3,"column":19}},"loc":{"start":{"line":3,"column":39},"end":{"line":13,"column":1}},"line":3}},"branchMap":{"0":{"loc":{"start":{"line":4,"column":2},"end":{"line":12,"column":3}},"type":"switch","locations":[{"start":{"line":5,"column":4},"end":{"line":6,"column":33}},{"start":{"line":7,"column":4},"end":{"line":7,"column":15}},{"start":{"line":8,"column":4},"end":{"line":9,"column":32}},{"start":{"line":10,"column":4},"end":{"line":11,"column":50}}],"line":4}},"s":{"0":1,"1":8,"2":4,"3":4,"4":0},"f":{"0":8},"b":{"0":[4,4,4,0]},"_coverageSchema":"1a1c01bbd47fc00a2c39e90264f33305004495a9","hash":"2fa050dc608b872fc5f8e536d3f051c4974a7a7d"}
,"/home/vanessadm/frontend-project-46/src/formatters/index.js": {"path":"/home/vanessadm/frontend-project-46/src/formatters/index.js","statementMap":{"0":{"start":{"line":5,"column":19},"end":{"line":17,"column":1}},"1":{"start":{"line":6,"column":2},"end":{"line":9,"column":3}},"2":{"start":{"line":8,"column":4},"end":{"line":8,"column":36}},"3":{"start":{"line":10,"column":2},"end":{"line":12,"column":3}},"4":{"start":{"line":11,"column":4},"end":{"line":11,"column":34}},"5":{"start":{"line":13,"column":2},"end":{"line":15,"column":3}},"6":{"start":{"line":14,"column":4},"end":{"line":14,"column":33}},"7":{"start":{"line":16,"column":2},"end":{"line":16,"column":53}}},"fnMap":{"0":{"name":"(anonymous_0)","decl":{"start":{"line":5,"column":19},"end":{"line":5,"column":20}},"loc":{"start":{"line":5,"column":36},"end":{"line":17,"column":1}},"line":5}},"branchMap":{"0":{"loc":{"start":{"line":6,"column":2},"end":{"line":9,"column":3}},"type":"if","locations":[{"start":{"line":6,"column":2},"end":{"line":9,"column":3}},{"start":{},"end":{}}],"line":6},"1":{"loc":{"start":{"line":10,"column":2},"end":{"line":12,"column":3}},"type":"if","locations":[{"start":{"line":10,"column":2},"end":{"line":12,"column":3}},{"start":{},"end":{}}],"line":10},"2":{"loc":{"start":{"line":13,"column":2},"end":{"line":15,"column":3}},"type":"if","locations":[{"start":{"line":13,"column":2},"end":{"line":15,"column":3}},{"start":{},"end":{}}],"line":13}},"s":{"0":1,"1":4,"2":2,"3":2,"4":1,"5":1,"6":1,"7":0},"f":{"0":4},"b":{"0":[2,2],"1":[1,1],"2":[1,0]},"_coverageSchema":"1a1c01bbd47fc00a2c39e90264f33305004495a9","hash":"4ed7243f9952d829b58b605c8a5a55f7bbb8048e"}
,"/home/vanessadm/frontend-project-46/src/formatters/json.js": {"path":"/home/vanessadm/frontend-project-46/src/formatters/json.js","statementMap":{"0":{"start":{"line":1,"column":25},"end":{"line":1,"column":55}},"1":{"start":{"line":1,"column":35},"end":{"line":1,"column":55}}},"fnMap":{"0":{"name":"(anonymous_0)","decl":{"start":{"line":1,"column":25},"end":{"line":1,"column":26}},"loc":{"start":{"line":1,"column":35},"end":{"line":1,"column":55}},"line":1}},"branchMap":{},"s":{"0":1,"1":1},"f":{"0":1},"b":{},"_coverageSchema":"1a1c01bbd47fc00a2c39e90264f33305004495a9","hash":"63c5f80d48e5af08d34602a249a00cd13490c041"}
,"/home/vanessadm/frontend-project-46/src/formatters/plane.js": {"path":"/home/vanessadm/frontend-project-46/src/formatters/plane.js","statementMap":{"0":{"start":{"line":1,"column":18},"end":{"line":9,"column":1}},"1":{"start":{"line":2,"column":2},"end":{"line":4,"column":3}},"2":{"start":{"line":3,"column":4},"end":{"line":3,"column":29}},"3":{"start":{"line":5,"column":2},"end":{"line":7,"column":3}},"4":{"start":{"line":6,"column":4},"end":{"line":6,"column":24}},"5":{"start":{"line":8,"column":2},"end":{"line":8,"column":15}},"6":{"start":{"line":11,"column":26},"end":{"line":45,"column":1}},"7":{"start":{"line":13,"column":15},"end":{"line":42,"column":3}},"8":{"start":{"line":16,"column":18},"end":{"line":38,"column":6}},"9":{"start":{"line":19,"column":26},"end":{"line":19,"column":84}},"10":{"start":{"line":20,"column":6},"end":{"line":37,"column":7}},"11":{"start":{"line":22,"column":10},"end":{"line":22,"column":92}},"12":{"start":{"line":24,"column":10},"end":{"line":24,"column":57}},"13":{"start":{"line":26,"column":10},"end":{"line":26,"column":22}},"14":{"start":{"line":28,"column":10},"end":{"line":28,"column":127}},"15":{"start":{"line":33,"column":10},"end":{"line":33,"column":50}},"16":{"start":{"line":36,"column":10},"end":{"line":36,"column":67}},"17":{"start":{"line":39,"column":4},"end":{"line":41,"column":18}},"18":{"start":{"line":40,"column":22},"end":{"line":40,"column":33}},"19":{"start":{"line":44,"column":2},"end":{"line":44,"column":24}}},"fnMap":{"0":{"name":"(anonymous_0)","decl":{"start":{"line":1,"column":18},"end":{"line":1,"column":19}},"loc":{"start":{"line":1,"column":29},"end":{"line":9,"column":1}},"line":1},"1":{"name":"(anonymous_1)","decl":{"start":{"line":11,"column":26},"end":{"line":11,"column":27}},"loc":{"start":{"line":11,"column":36},"end":{"line":45,"column":1}},"line":11},"2":{"name":"(anonymous_2)","decl":{"start":{"line":13,"column":15},"end":{"line":13,"column":16}},"loc":{"start":{"line":13,"column":35},"end":{"line":42,"column":3}},"line":13},"3":{"name":"(anonymous_3)","decl":{"start":{"line":16,"column":27},"end":{"line":16,"column":28}},"loc":{"start":{"line":16,"column":37},"end":{"line":38,"column":5}},"line":16},"4":{"name":"(anonymous_4)","decl":{"start":{"line":40,"column":14},"end":{"line":40,"column":15}},"loc":{"start":{"line":40,"column":22},"end":{"line":40,"column":33}},"line":40}},"branchMap":{"0":{"loc":{"start":{"line":2,"column":2},"end":{"line":4,"column":3}},"type":"if","locations":[{"start":{"line":2,"column":2},"end":{"line":4,"column":3}},{"start":{},"end":{}}],"line":2},"1":{"loc":{"start":{"line":2,"column":6},"end":{"line":2,"column":49}},"type":"binary-expr","locations":[{"start":{"line":2,"column":6},"end":{"line":2,"column":31}},{"start":{"line":2,"column":35},"end":{"line":2,"column":49}}],"line":2},"2":{"loc":{"start":{"line":5,"column":2},"end":{"line":7,"column":3}},"type":"if","locations":[{"start":{"line":5,"column":2},"end":{"line":7,"column":3}},{"start":{},"end":{}}],"line":5},"3":{"loc":{"start":{"line":19,"column":26},"end":{"line":19,"column":84}},"type":"cond-expr","locations":[{"start":{"line":19,"column":48},"end":{"line":19,"column":73}},{"start":{"line":19,"column":76},"end":{"line":19,"column":84}}],"line":19},"4":{"loc":{"start":{"line":20,"column":6},"end":{"line":37,"column":7}},"type":"switch","locations":[{"start":{"line":21,"column":8},"end":{"line":22,"column":92}},{"start":{"line":23,"column":8},"end":{"line":24,"column":57}},{"start":{"line":25,"column":8},"end":{"line":26,"column":22}},{"start":{"line":27,"column":8},"end":{"line":28,"column":127}},{"start":{"line":29,"column":8},"end":{"line":34,"column":9}},{"start":{"line":35,"column":8},"end":{"line":36,"column":67}}],"line":20}},"s":{"0":1,"1":13,"2":3,"3":10,"4":7,"5":3,"6":1,"7":1,"8":5,"9":18,"10":18,"11":5,"12":2,"13":3,"14":4,"15":4,"16":0,"17":5,"18":18,"19":1},"f":{"0":13,"1":1,"2":5,"3":18,"4":18},"b":{"0":[3,10],"1":[13,4],"2":[7,3],"3":[14,4],"4":[5,2,3,4,4,0]},"_coverageSchema":"1a1c01bbd47fc00a2c39e90264f33305004495a9","hash":"94e73e006e75fdcd735aafd0dea27b8709de265a"}
,"/home/vanessadm/frontend-project-46/src/formatters/stylish.js": {"path":"/home/vanessadm/frontend-project-46/src/formatters/stylish.js","statementMap":{"0":{"start":{"line":1,"column":17},"end":{"line":1,"column":20}},"1":{"start":{"line":2,"column":20},"end":{"line":2,"column":61}},"2":{"start":{"line":2,"column":31},"end":{"line":2,"column":61}},"3":{"start":{"line":3,"column":22},"end":{"line":3,"column":59}},"4":{"start":{"line":3,"column":33},"end":{"line":3,"column":59}},"5":{"start":{"line":5,"column":18},"end":{"line":16,"column":1}},"6":{"start":{"line":6,"column":2},"end":{"line":8,"column":3}},"7":{"start":{"line":7,"column":4},"end":{"line":7,"column":17}},"8":{"start":{"line":9,"column":16},"end":{"line":10,"column":87}},"9":{"start":{"line":10,"column":18},"end":{"line":10,"column":86}},"10":{"start":{"line":11,"column":2},"end":{"line":15,"column":15}},"11":{"start":{"line":18,"column":28},"end":{"line":49,"column":1}},"12":{"start":{"line":19,"column":15},"end":{"line":46,"column":3}},"13":{"start":{"line":22,"column":18},"end":{"line":40,"column":6}},"14":{"start":{"line":23,"column":6},"end":{"line":39,"column":7}},"15":{"start":{"line":25,"column":10},"end":{"line":25,"column":91}},"16":{"start":{"line":27,"column":10},"end":{"line":27,"column":91}},"17":{"start":{"line":29,"column":10},"end":{"line":29,"column":91}},"18":{"start":{"line":31,"column":10},"end":{"line":34,"column":23}},"19":{"start":{"line":36,"column":10},"end":{"line":36,"column":89}},"20":{"start":{"line":38,"column":10},"end":{"line":38,"column":67}},"21":{"start":{"line":41,"column":4},"end":{"line":45,"column":17}},"22":{"start":{"line":48,"column":2},"end":{"line":48,"column":23}}},"fnMap":{"0":{"name":"(anonymous_0)","decl":{"start":{"line":2,"column":20},"end":{"line":2,"column":21}},"loc":{"start":{"line":2,"column":31},"end":{"line":2,"column":61}},"line":2},"1":{"name":"(anonymous_1)","decl":{"start":{"line":3,"column":22},"end":{"line":3,"column":23}},"loc":{"start":{"line":3,"column":33},"end":{"line":3,"column":59}},"line":3},"2":{"name":"(anonymous_2)","decl":{"start":{"line":5,"column":18},"end":{"line":5,"column":19}},"loc":{"start":{"line":5,"column":36},"end":{"line":16,"column":1}},"line":5},"3":{"name":"(anonymous_3)","decl":{"start":{"line":10,"column":9},"end":{"line":10,"column":10}},"loc":{"start":{"line":10,"column":18},"end":{"line":10,"column":86}},"line":10},"4":{"name":"(anonymous_4)","decl":{"start":{"line":18,"column":28},"end":{"line":18,"column":29}},"loc":{"start":{"line":18,"column":38},"end":{"line":49,"column":1}},"line":18},"5":{"name":"(anonymous_5)","decl":{"start":{"line":19,"column":15},"end":{"line":19,"column":16}},"loc":{"start":{"line":19,"column":32},"end":{"line":46,"column":3}},"line":19},"6":{"name":"(anonymous_6)","decl":{"start":{"line":22,"column":27},"end":{"line":22,"column":28}},"loc":{"start":{"line":22,"column":37},"end":{"line":40,"column":5}},"line":22}},"branchMap":{"0":{"loc":{"start":{"line":6,"column":2},"end":{"line":8,"column":3}},"type":"if","locations":[{"start":{"line":6,"column":2},"end":{"line":8,"column":3}},{"start":{},"end":{}}],"line":6},"1":{"loc":{"start":{"line":6,"column":6},"end":{"line":6,"column":49}},"type":"binary-expr","locations":[{"start":{"line":6,"column":6},"end":{"line":6,"column":31}},{"start":{"line":6,"column":35},"end":{"line":6,"column":49}}],"line":6},"2":{"loc":{"start":{"line":23,"column":6},"end":{"line":39,"column":7}},"type":"switch","locations":[{"start":{"line":24,"column":8},"end":{"line":25,"column":91}},{"start":{"line":26,"column":8},"end":{"line":27,"column":91}},{"start":{"line":28,"column":8},"end":{"line":29,"column":91}},{"start":{"line":30,"column":8},"end":{"line":34,"column":23}},{"start":{"line":35,"column":8},"end":{"line":36,"column":89}},{"start":{"line":37,"column":8},"end":{"line":38,"column":67}}],"line":23}},"s":{"0":1,"1":1,"2":62,"3":1,"4":24,"5":1,"6":54,"7":40,"8":14,"9":18,"10":14,"11":1,"12":2,"13":10,"14":36,"15":10,"16":4,"17":6,"18":8,"19":8,"20":0,"21":10,"22":2},"f":{"0":62,"1":24,"2":54,"3":18,"4":2,"5":10,"6":36},"b":{"0":[40,14],"1":[54,16],"2":[10,4,6,8,8,0]},"_coverageSchema":"1a1c01bbd47fc00a2c39e90264f33305004495a9","hash":"42b4c404fddfc8ba2176ea5789fc3e232622d8ef"}
}
