TN:
SF:src/index.js
FN:7,(anonymous_0)
FN:9,(anonymous_1)
FN:11,(anonymous_2)
FNF:3
FNH:3
FNDA:8,(anonymous_0)
FNDA:8,(anonymous_1)
FNDA:4,(anonymous_2)
DA:7,8
DA:9,8
DA:11,1
DA:12,4
DA:13,4
DA:14,4
DA:15,4
LF:7
LH:7
BRDA:9,0,0,8
BRDA:9,0,1,0
BRDA:11,1,0,0
BRF:3
BRH:1
end_of_record
TN:
SF:src/makeAST.js
FN:3,(anonymous_0)
FN:9,(anonymous_1)
FNF:2
FNH:2
FNDA:20,(anonymous_0)
FNDA:72,(anonymous_1)
DA:3,1
DA:4,20
DA:5,20
DA:7,20
DA:9,20
DA:11,72
DA:12,16
DA:19,56
DA:20,20
DA:27,36
DA:28,8
DA:35,28
DA:36,16
DA:44,12
DA:50,20
LF:15
LH:15
BRDA:11,0,0,16
BRDA:11,0,1,56
BRDA:11,1,0,72
BRDA:11,1,1,24
BRDA:19,2,0,20
BRDA:19,2,1,36
BRDA:27,3,0,8
BRDA:27,3,1,28
BRDA:35,4,0,16
BRDA:35,4,1,12
BRF:10
BRH:10
end_of_record
TN:
SF:src/parsers.js
FN:3,(anonymous_0)
FNF:1
FNH:1
FNDA:8,(anonymous_0)
DA:3,1
DA:4,8
DA:6,4
DA:9,4
DA:11,0
LF:5
LH:4
BRDA:4,0,0,4
BRDA:4,0,1,4
BRDA:4,0,2,4
BRDA:4,0,3,0
BRF:4
BRH:3
end_of_record
TN:
SF:src/formatters/index.js
FN:5,(anonymous_0)
FNF:1
FNH:1
FNDA:4,(anonymous_0)
DA:5,1
DA:6,4
DA:8,2
DA:10,2
DA:11,1
DA:13,1
DA:14,1
DA:16,0
LF:8
LH:7
BRDA:6,0,0,2
BRDA:6,0,1,2
BRDA:10,1,0,1
BRDA:10,1,1,1
BRDA:13,2,0,1
BRDA:13,2,1,0
BRF:6
BRH:5
end_of_record
TN:
SF:src/formatters/json.js
FN:1,(anonymous_0)
FNF:1
FNH:1
FNDA:1,(anonymous_0)
DA:1,1
LF:1
LH:1
BRF:0
BRH:0
end_of_record
TN:
SF:src/formatters/plane.js
FN:1,(anonymous_0)
FN:11,(anonymous_1)
FN:13,(anonymous_2)
FN:16,(anonymous_3)
FN:40,(anonymous_4)
FNF:5
FNH:5
FNDA:13,(anonymous_0)
FNDA:1,(anonymous_1)
FNDA:5,(anonymous_2)
FNDA:18,(anonymous_3)
FNDA:18,(anonymous_4)
DA:1,1
DA:2,13
DA:3,3
DA:5,10
DA:6,7
DA:8,3
DA:11,1
DA:13,1
DA:16,5
DA:19,18
DA:20,18
DA:22,5
DA:24,2
DA:26,3
DA:28,4
DA:33,4
DA:36,0
DA:39,5
DA:40,18
DA:44,1
LF:20
LH:19
BRDA:2,0,0,3
BRDA:2,0,1,10
BRDA:2,1,0,13
BRDA:2,1,1,4
BRDA:5,2,0,7
BRDA:5,2,1,3
BRDA:19,3,0,14
BRDA:19,3,1,4
BRDA:20,4,0,5
BRDA:20,4,1,2
BRDA:20,4,2,3
BRDA:20,4,3,4
BRDA:20,4,4,4
BRDA:20,4,5,0
BRF:14
BRH:13
end_of_record
TN:
SF:src/formatters/stylish.js
FN:2,(anonymous_0)
FN:3,(anonymous_1)
FN:5,(anonymous_2)
FN:10,(anonymous_3)
FN:18,(anonymous_4)
FN:19,(anonymous_5)
FN:22,(anonymous_6)
FNF:7
FNH:7
FNDA:62,(anonymous_0)
FNDA:24,(anonymous_1)
FNDA:54,(anonymous_2)
FNDA:18,(anonymous_3)
FNDA:2,(anonymous_4)
FNDA:10,(anonymous_5)
FNDA:36,(anonymous_6)
DA:1,1
DA:2,62
DA:3,24
DA:5,1
DA:6,54
DA:7,40
DA:9,14
DA:10,18
DA:11,14
DA:18,1
DA:19,2
DA:22,10
DA:23,36
DA:25,10
DA:27,4
DA:29,6
DA:31,8
DA:36,8
DA:38,0
DA:41,10
DA:48,2
LF:21
LH:20
BRDA:6,0,0,40
BRDA:6,0,1,14
BRDA:6,1,0,54
BRDA:6,1,1,16
BRDA:23,2,0,10
BRDA:23,2,1,4
BRDA:23,2,2,6
BRDA:23,2,3,8
BRDA:23,2,4,8
BRDA:23,2,5,0
BRF:10
BRH:9
end_of_record
