TN:
SF:src/index.js
FN:7,(anonymous_0)
FN:8,(anonymous_1)
FN:10,(anonymous_2)
FNF:3
FNH:3
FNDA:16,(anonymous_0)
FNDA:16,(anonymous_1)
FNDA:8,(anonymous_2)
DA:7,16
DA:8,16
DA:10,1
DA:11,8
DA:12,8
DA:13,8
DA:14,8
LF:7
LH:7
BRDA:10,0,0,0
BRF:1
BRH:0
end_of_record
TN:
SF:src/makeDifferenceTree.js
FN:3,(anonymous_0)
FN:8,(anonymous_1)
FNF:2
FNH:2
FNDA:40,(anonymous_0)
FNDA:144,(anonymous_1)
DA:3,1
DA:4,40
DA:5,40
DA:6,40
DA:8,40
DA:10,144
DA:11,32
DA:18,112
DA:19,40
DA:26,72
DA:27,16
DA:34,56
DA:35,32
DA:43,24
DA:49,40
LF:15
LH:15
BRDA:10,0,0,32
BRDA:10,0,1,112
BRDA:10,1,0,144
BRDA:10,1,1,48
BRDA:18,2,0,40
BRDA:18,2,1,72
BRDA:26,3,0,16
BRDA:26,3,1,56
BRDA:34,4,0,32
BRDA:34,4,1,24
BRF:10
BRH:10
end_of_record
TN:
SF:src/parsers.js
FN:3,(anonymous_0)
FNF:1
FNH:1
FNDA:16,(anonymous_0)
DA:3,1
DA:4,16
DA:6,8
DA:9,8
DA:11,0
LF:5
LH:4
BRDA:4,0,0,8
BRDA:4,0,1,8
BRDA:4,0,2,8
BRDA:4,0,3,0
BRF:4
BRH:3
end_of_record
TN:
SF:src/formatters/index.js
FN:4,(anonymous_0)
FNF:1
FNH:1
FNDA:8,(anonymous_0)
DA:4,1
DA:5,8
DA:7,4
DA:10,2
DA:13,2
DA:16,0
LF:6
LH:5
BRDA:5,0,0,4
BRDA:5,0,1,2
BRDA:5,0,2,2
BRDA:5,0,3,0
BRF:4
BRH:3
end_of_record
TN:
SF:src/formatters/plane.js
FN:1,(anonymous_0)
FN:11,(anonymous_1)
FN:12,(anonymous_2)
FN:13,(anonymous_3)
FN:32,(anonymous_4)
FNF:5
FNH:5
FNDA:26,(anonymous_0)
FNDA:2,(anonymous_1)
FNDA:10,(anonymous_2)
FNDA:36,(anonymous_3)
FNDA:36,(anonymous_4)
DA:1,1
DA:2,26
DA:3,6
DA:5,20
DA:6,14
DA:8,6
DA:11,1
DA:12,2
DA:13,10
DA:14,36
DA:15,36
DA:17,10
DA:19,4
DA:21,6
DA:23,8
DA:25,8
DA:28,0
DA:31,10
DA:32,36
DA:36,2
LF:20
LH:19
BRDA:2,0,0,6
BRDA:2,0,1,20
BRDA:2,1,0,26
BRDA:2,1,1,8
BRDA:5,2,0,14
BRDA:5,2,1,6
BRDA:14,3,0,28
BRDA:14,3,1,8
BRDA:15,4,0,10
BRDA:15,4,1,4
BRDA:15,4,2,6
BRDA:15,4,3,8
BRDA:15,4,4,8
BRDA:15,4,5,0
BRF:14
BRH:13
end_of_record
TN:
SF:src/formatters/stylish.js
FN:2,(anonymous_0)
FN:3,(anonymous_1)
FN:5,(anonymous_2)
FN:10,(anonymous_3)
FN:18,(anonymous_4)
FN:19,(anonymous_5)
FN:20,(anonymous_6)
FNF:7
FNH:7
FNDA:124,(anonymous_0)
FNDA:48,(anonymous_1)
FNDA:108,(anonymous_2)
FNDA:36,(anonymous_3)
FNDA:4,(anonymous_4)
FNDA:20,(anonymous_5)
FNDA:72,(anonymous_6)
DA:1,1
DA:2,124
DA:3,48
DA:5,1
DA:6,108
DA:7,80
DA:9,28
DA:10,36
DA:11,28
DA:18,1
DA:19,4
DA:20,20
DA:21,72
DA:23,20
DA:25,8
DA:27,12
DA:29,16
DA:34,16
DA:36,0
DA:39,20
DA:46,4
LF:21
LH:20
BRDA:6,0,0,80
BRDA:6,0,1,28
BRDA:6,1,0,108
BRDA:6,1,1,32
BRDA:21,2,0,20
BRDA:21,2,1,8
BRDA:21,2,2,12
BRDA:21,2,3,16
BRDA:21,2,4,16
BRDA:21,2,5,0
BRF:10
BRH:9
end_of_record
